03:08:42 🦞 ClawRocket-AD Pro v1.0.0 生成器启动
03:08:42 ============================================
03:08:42 📦 步骤 1/3: 生成标准版配置（底座）...
03:08:42   ✅ 标准版生成完成
03:08:42 📦 步骤 2/3: 叠加去广告增强规则...
03:08:42   基于文件：ClawRocket-Test.conf
03:08:42 📝 步骤 3/3: 更新配置头部...
03:08:42   叠加规则...
03:08:42   合并规则文件...
03:08:42     - 02-reject.conf (广告过滤)
03:08:42   添加增强广告过滤规则...
03:08:42     - 03-direct.conf (国内直连)
03:08:42     - 04-proxy.conf (代理)
03:08:42     - 05-final.conf (兜底)
03:08:42 ✅ 生成完成：ClawRocket-AD-0412-0308.conf
03:08:42    大小： 72K
03:08:42    规则数：1925
03:08:42 📋 已复制到测试文件：ClawRocket-AD-Test.conf
03:08:42 ⚠️ 警告：规则数不足 2500，请检查
03:08:42 🕐 完成时间：2026-04-12 03:08:42
03:08:42 📝 日志：/Users/unclevv/Library/Mobile Documents/com~apple~CloudDocs/Clawbaby/05-CronJobs/ClawRocket/GitHub/logs/generate-ad-20260412-0308.log
03:08:42 ☁️ 同步到 iCloud...
03:08:42 🦞 ClawRocket iCloud 同步脚本
03:08:42 ==============================
03:08:42 📋 检查配置文件...
03:08:42 📤 同步到 iCloud...
03:08:42   ✅ 标准版: ClawRocket.conf
03:08:42   ✅ Pro版: ClawRocket-AD.conf
03:08:42   ✅ 标准版测试: ClawRocket-Test.conf
03:08:42   ✅ Pro版测试: ClawRocket-AD-Test.conf
03:08:42   ✅ 最新标准版: ClawRocket-0412-0308.conf
03:08:42   ✅ 最新Pro版: ClawRocket-AD-0412-0308.conf
03:08:42   ✅ README.md 已更新
03:08:42 
03:08:42 📁 iCloud 同步目录:
03:08:42    /Users/unclevv/Library/Mobile Documents/com~apple~CloudDocs/Clawbaby/07-System/配置/ClawRocket
03:08:42 
03:08:42 📱 可在 iPhone/iPad 文件 App 中访问:
03:08:42    文件 > iCloud Drive > Clawbaby > 07-System > 配置 > ClawRocket
03:08:42 
03:08:42 📝 日志: /Users/unclevv/Library/Mobile Documents/com~apple~CloudDocs/Clawbaby/05-CronJobs/ClawRocket/GitHub/logs/icloud-sync-20260412-0308.log
03:08:42 ✅ 同步完成
03:08:42   ✅ iCloud 同步完成
