03:03:32 🦞 ClawRocket Standard v1.0.0 生成器启动
03:03:32 ============================================
03:03:32 📝 生成配置头部...
03:03:32 📝 添加自定义规则...
03:03:32 📥 下载 ACL4SSR 国内域名列表...
03:03:33   ACL4SSR 下载成功
03:03:33 📥 下载 dnsmasq-china-list...
03:03:46   dnsmasq-china-list 下载成功
03:03:46 📝 添加兜底规则...
03:03:47 ✅ 生成完成: ClawRocket-0510-0303.conf
03:03:47    大小: 132K
03:03:47    规则数: 2341
03:03:47 📋 已复制到测试文件: ClawRocket-Test.conf
03:03:47 🕐 完成时间: 2026-05-10 03:03:47
03:03:47 📝 日志: /Users/unclevv/Library/Mobile Documents/com~apple~CloudDocs/Clawbaby/05-CronJobs/ClawRocket/GitHub/logs/generate-20260510-0303.log
03:03:47 ☁️ 同步到 iCloud...
03:03:47 🦞 ClawRocket iCloud 同步脚本
03:03:47 ==============================
03:03:47 📋 检查配置文件...
03:03:47 📤 同步到 iCloud...
03:03:47   ✅ 标准版: ClawRocket.conf
03:03:47   ✅ Pro版: ClawRocket-AD.conf
03:03:47   ✅ 标准版测试: ClawRocket-Test.conf
03:03:47   ✅ Pro版测试: ClawRocket-AD-Test.conf
03:03:47   ✅ 最新标准版: ClawRocket-0510-0303.conf
03:03:47   ✅ 最新Pro版: ClawRocket-AD-0412-0308.conf
03:03:47   ✅ README.md 已更新
03:03:47 
03:03:47 📁 iCloud 同步目录:
03:03:47    /Users/unclevv/Library/Mobile Documents/com~apple~CloudDocs/Clawbaby/07-System/配置/ClawRocket
03:03:47 
03:03:47 📱 可在 iPhone/iPad 文件 App 中访问:
03:03:47    文件 > iCloud Drive > Clawbaby > 07-System > 配置 > ClawRocket
03:03:47 
03:03:47 📝 日志: /Users/unclevv/Library/Mobile Documents/com~apple~CloudDocs/Clawbaby/05-CronJobs/ClawRocket/GitHub/logs/icloud-sync-20260510-0303.log
03:03:47 ✅ 同步完成
03:03:47   ✅ iCloud 同步完成
03:03:53 🦞 ClawRocket Standard v1.0.0 生成器启动
03:03:53 ============================================
03:03:53 📝 生成配置头部...
03:03:53 📝 添加自定义规则...
03:03:53 📥 下载 ACL4SSR 国内域名列表...
03:03:53   使用缓存: /Users/unclevv/Library/Mobile Documents/com~apple~CloudDocs/Clawbaby/05-CronJobs/ClawRocket/GitHub/cache/acl4ssr/chinadomain.list
03:03:53   ACL4SSR 下载成功
03:03:53 📥 下载 dnsmasq-china-list...
03:03:53   使用缓存: /Users/unclevv/Library/Mobile Documents/com~apple~CloudDocs/Clawbaby/05-CronJobs/ClawRocket/GitHub/cache/dnsmasq-china/accelerated-domains.conf
03:03:53   dnsmasq-china-list 下载成功
03:03:53 📝 添加兜底规则...
03:03:53 ✅ 生成完成: ClawRocket-0510-0303.conf
03:03:53    大小: 132K
03:03:53    规则数: 2341
03:03:53 📋 已复制到测试文件: ClawRocket-Test.conf
03:03:53 🕐 完成时间: 2026-05-10 03:03:53
03:03:53 📝 日志: /Users/unclevv/Library/Mobile Documents/com~apple~CloudDocs/Clawbaby/05-CronJobs/ClawRocket/GitHub/logs/generate-20260510-0303.log
03:03:53 ☁️ 同步到 iCloud...
03:03:53 🦞 ClawRocket iCloud 同步脚本
03:03:53 ==============================
03:03:53 📋 检查配置文件...
03:03:53 📤 同步到 iCloud...
03:03:53   ✅ 标准版: ClawRocket.conf
03:03:53   ✅ Pro版: ClawRocket-AD.conf
03:03:53   ✅ 标准版测试: ClawRocket-Test.conf
03:03:53   ✅ Pro版测试: ClawRocket-AD-Test.conf
03:03:53   ✅ 最新标准版: ClawRocket-0510-0303.conf
03:03:53   ✅ 最新Pro版: ClawRocket-AD-0412-0308.conf
03:03:53   ✅ README.md 已更新
03:03:53 
03:03:53 📁 iCloud 同步目录:
03:03:53    /Users/unclevv/Library/Mobile Documents/com~apple~CloudDocs/Clawbaby/07-System/配置/ClawRocket
03:03:53 
03:03:53 📱 可在 iPhone/iPad 文件 App 中访问:
03:03:53    文件 > iCloud Drive > Clawbaby > 07-System > 配置 > ClawRocket
03:03:53 
03:03:53 📝 日志: /Users/unclevv/Library/Mobile Documents/com~apple~CloudDocs/Clawbaby/05-CronJobs/ClawRocket/GitHub/logs/icloud-sync-20260510-0303.log
03:03:53 ✅ 同步完成
03:03:53   ✅ iCloud 同步完成
