03:03:53 🦞 ClawRocket-AD Pro v1.0.0 生成器启动
03:03:53 ============================================
03:03:53 📦 步骤 1/3: 生成标准版配置（底座）...
03:03:53   ✅ 标准版生成完成
03:03:53 📦 步骤 2/3: 叠加去广告增强规则...
03:03:53   基于文件：ClawRocket-Test.conf
03:03:53 📝 步骤 3/3: 更新配置头部...
03:03:53   叠加规则...
03:03:53   合并规则文件...
03:03:53     - 02-reject.conf (广告过滤)
03:03:53   添加增强广告过滤规则...
03:03:53     - 03-direct.conf (国内直连)
03:03:53     - 04-proxy.conf (代理)
03:03:53     - 05-final.conf (兜底)
03:03:53 ✅ 生成完成：ClawRocket-AD-0510-0303.conf
03:03:53    大小： 72K
03:03:53    规则数：1925
03:03:53 📋 已复制到测试文件：ClawRocket-AD-Test.conf
03:03:53 ⚠️ 警告：规则数不足 2500，请检查
03:03:53 🕐 完成时间：2026-05-10 03:03:53
03:03:53 📝 日志：/Users/unclevv/Library/Mobile Documents/com~apple~CloudDocs/Clawbaby/05-CronJobs/ClawRocket/GitHub/logs/generate-ad-20260510-0303.log
03:03:53 ☁️ 同步到 iCloud...
03:03:53 🦞 ClawRocket iCloud 同步脚本
03:03:53 ==============================
03:03:53 📋 检查配置文件...
03:03:53 📤 同步到 iCloud...
03:03:53   ✅ 标准版: ClawRocket.conf
03:03:53   ✅ Pro版: ClawRocket-AD.conf
03:03:53   ✅ 标准版测试: ClawRocket-Test.conf
03:03:53   ✅ Pro版测试: ClawRocket-AD-Test.conf
03:03:53   ✅ 最新标准版: ClawRocket-0510-0303.conf
03:03:53   ✅ 最新Pro版: ClawRocket-AD-0510-0303.conf
03:03:53   ✅ README.md 已更新
03:03:53 
03:03:53 📁 iCloud 同步目录:
03:03:53    /Users/unclevv/Library/Mobile Documents/com~apple~CloudDocs/Clawbaby/07-System/配置/ClawRocket
03:03:53 
03:03:53 📱 可在 iPhone/iPad 文件 App 中访问:
03:03:53    文件 > iCloud Drive > Clawbaby > 07-System > 配置 > ClawRocket
03:03:53 
03:03:53 📝 日志: /Users/unclevv/Library/Mobile Documents/com~apple~CloudDocs/Clawbaby/05-CronJobs/ClawRocket/GitHub/logs/icloud-sync-20260510-0303.log
03:03:53 ✅ 同步完成
03:03:53   ✅ iCloud 同步完成
