03:05:06 🦞 ClawRocket-AD Pro v1.0.0 生成器启动
03:05:06 ============================================
03:05:06 📦 步骤 1/3: 生成标准版配置（底座）...
03:05:26   ✅ 标准版生成完成
03:05:26 📦 步骤 2/3: 叠加去广告增强规则...
03:05:26   基于文件：ClawRocket-Test.conf
03:05:26 📝 步骤 3/3: 更新配置头部...
03:05:26   叠加规则...
03:05:26   合并规则文件...
03:05:26     - 02-reject.conf (广告过滤)
03:05:26   添加增强广告过滤规则...
03:05:26     - 03-direct.conf (国内直连)
03:05:26     - 04-proxy.conf (代理)
03:05:26     - 05-final.conf (兜底)
03:05:26 ✅ 生成完成：ClawRocket-AD-0517-0305.conf
03:05:26    大小： 72K
03:05:26    规则数：1925
03:05:26 📋 已复制到测试文件：ClawRocket-AD-Test.conf
03:05:26 ⚠️ 警告：规则数不足 2500，请检查
03:05:26 🕐 完成时间：2026-05-17 03:05:26
03:05:26 📝 日志：/Users/unclevv/Library/Mobile Documents/com~apple~CloudDocs/Clawbaby/05-CronJobs/ClawRocket/GitHub/logs/generate-ad-20260517-0305.log
03:05:26 ☁️ 同步到 iCloud...
03:05:26 🦞 ClawRocket iCloud 同步脚本
03:05:26 ==============================
03:05:26 📋 检查配置文件...
03:05:26 📤 同步到 iCloud...
03:05:26   ✅ 标准版: ClawRocket.conf
03:05:26   ✅ Pro版: ClawRocket-AD.conf
03:05:26   ✅ 标准版测试: ClawRocket-Test.conf
03:05:26   ✅ Pro版测试: ClawRocket-AD-Test.conf
03:05:26   ✅ 最新标准版: ClawRocket-0517-0305.conf
03:05:26   ✅ 最新Pro版: ClawRocket-AD-0517-0305.conf
03:05:26   ✅ README.md 已更新
03:05:26 
03:05:26 📁 iCloud 同步目录:
03:05:26    /Users/unclevv/Library/Mobile Documents/com~apple~CloudDocs/Clawbaby/07-System/配置/ClawRocket
03:05:26 
03:05:26 📱 可在 iPhone/iPad 文件 App 中访问:
03:05:26    文件 > iCloud Drive > Clawbaby > 07-System > 配置 > ClawRocket
03:05:26 
03:05:26 📝 日志: /Users/unclevv/Library/Mobile Documents/com~apple~CloudDocs/Clawbaby/05-CronJobs/ClawRocket/GitHub/logs/icloud-sync-20260517-0305.log
03:05:26 ✅ 同步完成
03:05:26   ✅ iCloud 同步完成
