03:09:20 🦞 ClawRocket GitHub 推送脚本
03:09:20 ==============================
03:09:20 📋 检查配置文件...
03:09:20   ✅ 标准版: ClawRocket-Test.conf
03:09:20   ✅ Pro版: ClawRocket-AD-Test.conf
03:09:20 📥 准备 GitHub 仓库...
03:09:20   更新现有仓库...
03:09:21 📦 复制配置文件...
03:09:22   标准版:  76K, 2341 规则
03:09:22   Pro版:  72K, 1915 规则
03:09:22 📝 Git 提交...
03:09:22 📤 推送到 GitHub...
03:09:25   ✅ 推送成功
03:09:25 
03:09:25 🔗 GitHub 链接:
03:09:25    https://github.com/zhouwan2017/ClawRocket
03:09:25 
03:09:25 🚀 CDN 链接（立即可用）:
03:09:25    标准版: https://cdn.jsdelivr.net/gh/zhouwan2017/ClawRocket@main/ClawRocket.conf
03:09:25    Pro版:  https://cdn.jsdelivr.net/gh/zhouwan2017/ClawRocket@main/ClawRocket-AD.conf
03:09:25    标准版测试: https://cdn.jsdelivr.net/gh/zhouwan2017/ClawRocket@main/ClawRocket-Test.conf
03:09:25    Pro版测试:  https://cdn.jsdelivr.net/gh/zhouwan2017/ClawRocket@main/ClawRocket-AD-Test.conf
03:09:25 
03:09:25 📝 日志: /Users/unclevv/Library/Mobile Documents/com~apple~CloudDocs/Clawbaby/05-CronJobs/ClawRocket/GitHub/logs/github-push-20260426-0309.log
03:09:25 ✅ 完成
