03:07:45 🦞 ClawRocket GitHub 推送脚本
03:07:45 ==============================
03:07:45 📋 检查配置文件...
03:07:45   ✅ 标准版: ClawRocket-Test.conf
03:07:45   ✅ Pro版: ClawRocket-AD-Test.conf
03:07:45 📥 准备 GitHub 仓库...
03:07:45   克隆仓库...
03:07:49 📦 复制配置文件...
03:07:49   标准版:  76K, 2341 规则
03:07:49   Pro版:  84K, 2429 规则
03:07:49 📝 Git 提交...
03:07:50 📤 推送到 GitHub...
03:07:52   ✅ 推送成功
03:07:52 
03:07:52 🔗 GitHub 链接:
03:07:52    https://github.com/zhouwan2017/ClawRocket
03:07:52 
03:07:52 🚀 CDN 链接（立即可用）:
03:07:52    标准版: https://cdn.jsdelivr.net/gh/zhouwan2017/ClawRocket@main/ClawRocket.conf
03:07:52    Pro版:  https://cdn.jsdelivr.net/gh/zhouwan2017/ClawRocket@main/ClawRocket-AD.conf
03:07:52    标准版测试: https://cdn.jsdelivr.net/gh/zhouwan2017/ClawRocket@main/ClawRocket-Test.conf
03:07:52    Pro版测试:  https://cdn.jsdelivr.net/gh/zhouwan2017/ClawRocket@main/ClawRocket-AD-Test.conf
03:07:52 
03:07:52 📝 日志: /Users/unclevv/Library/Mobile Documents/com~apple~CloudDocs/Clawbaby/05-CronJobs/ClawRocket/GitHub/logs/github-push-20260412-0307.log
03:07:52 ✅ 完成
