10:02:22 🦞 ClawRocket Standard v1.0.0 生成器启动
10:02:22 ============================================
10:02:22 📝 生成配置头部...
10:02:22 📝 添加自定义规则...
10:02:22 📥 下载 ACL4SSR 国内域名列表...
10:02:22 🦞 ClawRocket Standard v1.0.0 生成器启动
10:02:22 ============================================
10:02:22 📝 生成配置头部...
10:02:22   使用缓存: /Users/unclevv/.openclaw/workspace/ClawRocket/cache/acl4ssr/chinadomain.list
10:02:22   ACL4SSR 下载成功
10:02:22 📝 添加自定义规则...
10:02:22 📥 下载 dnsmasq-china-list...
10:02:22 📥 下载 ACL4SSR 国内域名列表...
10:02:22   使用缓存: /Users/unclevv/.openclaw/workspace/ClawRocket/cache/acl4ssr/chinadomain.list
10:02:22   使用缓存: /Users/unclevv/.openclaw/workspace/ClawRocket/cache/dnsmasq-china/accelerated-domains.conf
10:02:22   ACL4SSR 下载成功
10:02:22 📥 下载 dnsmasq-china-list...
10:02:22   使用缓存: /Users/unclevv/.openclaw/workspace/ClawRocket/cache/dnsmasq-china/accelerated-domains.conf
10:02:22   dnsmasq-china-list 下载成功
10:02:22 📝 添加兜底规则...
10:02:22 ✅ 生成完成: ClawRocket-0319-1002.conf
10:02:22    大小:  92K
10:02:22    规则数: 2967
10:02:22 📋 已复制到测试文件: ClawRocket-Test.conf
10:02:22 🕐 完成时间: 2026-03-19 10:02:22
10:02:22 📝 日志: /Users/unclevv/.openclaw/workspace/ClawRocket/logs/generate-20260319-1002.log
10:02:22 ☁️ 同步到 iCloud...
10:02:22 🦞 ClawRocket iCloud 同步脚本
10:02:22 ==============================
10:02:22 📋 检查配置文件...
10:02:22 📤 同步到 iCloud...
10:02:22   ✅ 标准版: ClawRocket.conf
10:02:22   ✅ Pro版: ClawRocket-AD.conf
10:02:22   ✅ 标准版测试: ClawRocket-Test.conf
10:02:22   dnsmasq-china-list 下载成功
10:02:22   ✅ Pro版测试: ClawRocket-AD-Test.conf
10:02:22 📝 添加兜底规则...
10:02:22   ✅ 最新标准版: ClawRocket-0319-1002.conf
10:02:22   ✅ 最新Pro版: ClawRocket-AD-0318-1203.conf
10:02:22 ✅ 生成完成: ClawRocket-0319-1002.conf
10:02:22    大小: 140K
10:02:22   ✅ README.md 已更新
10:02:22    规则数: 4469
10:02:22 
10:02:22 📁 iCloud 同步目录:
10:02:22    /Users/unclevv/Library/Mobile Documents/com~apple~CloudDocs/Clawbaby/07-System/配置/ClawRocket
10:02:22 📋 已复制到测试文件: ClawRocket-Test.conf
10:02:22 
10:02:22 📱 可在 iPhone/iPad 文件 App 中访问:
10:02:22 🕐 完成时间: 2026-03-19 10:02:22
10:02:22    文件 > iCloud Drive > Clawbaby > 07-System > 配置 > ClawRocket
10:02:22 📝 日志: /Users/unclevv/.openclaw/workspace/ClawRocket/logs/generate-20260319-1002.log
10:02:22 
10:02:22 ☁️ 同步到 iCloud...
10:02:22 📝 日志: /Users/unclevv/.openclaw/workspace/ClawRocket/logs/icloud-sync-20260319-1002.log
10:02:22 ✅ 同步完成
10:02:22   ✅ iCloud 同步完成
10:02:22 🦞 ClawRocket iCloud 同步脚本
10:02:22 ==============================
10:02:22 📋 检查配置文件...
10:02:22 📤 同步到 iCloud...
10:02:22   ✅ 标准版: ClawRocket.conf
10:02:22   ✅ Pro版: ClawRocket-AD.conf
10:02:22   ✅ 标准版测试: ClawRocket-Test.conf
10:02:22   ✅ Pro版测试: ClawRocket-AD-Test.conf
10:02:22   ✅ 最新标准版: ClawRocket-0319-1002.conf
10:02:22   ✅ 最新Pro版: ClawRocket-AD-0319-1002.conf
10:02:22   ✅ README.md 已更新
10:02:22 
10:02:22 📁 iCloud 同步目录:
10:02:22    /Users/unclevv/Library/Mobile Documents/com~apple~CloudDocs/Clawbaby/07-System/配置/ClawRocket
10:02:22 
10:02:22 📱 可在 iPhone/iPad 文件 App 中访问:
10:02:22    文件 > iCloud Drive > Clawbaby > 07-System > 配置 > ClawRocket
10:02:22 
10:02:22 📝 日志: /Users/unclevv/.openclaw/workspace/ClawRocket/logs/icloud-sync-20260319-1002.log
10:02:22 ✅ 同步完成
10:02:22   ✅ iCloud 同步完成
