10:03:49 🦞 ClawRocket-AD Pro v1.0.0 生成器启动
10:03:49 ============================================
10:03:49 📦 步骤 1/3: 生成标准版配置（底座）...
10:03:49   ✅ 标准版生成完成
10:03:49 📦 步骤 2/3: 叠加去广告增强规则...
10:03:49   基于文件：ClawRocket-Test.conf
10:03:49 📝 步骤 3/3: 更新配置头部...
10:03:49   叠加标准版规则...
10:03:49   添加增强广告过滤规则...
10:03:49 ✅ 生成完成：ClawRocket-AD-0319-1003.conf
10:03:49    大小： 84K
10:03:49    规则数：2439
10:03:49 📋 已复制到测试文件：ClawRocket-AD-Test.conf
10:03:49 ⚠️ 警告：规则数不足 2500，请检查
10:03:49 🕐 完成时间：2026-03-19 10:03:49
10:03:49 📝 日志：/Users/unclevv/.openclaw/workspace/ClawRocket/logs/generate-ad-20260319-1003.log
10:03:49 ☁️ 同步到 iCloud...
10:03:49 🦞 ClawRocket iCloud 同步脚本
10:03:49 ==============================
10:03:49 📋 检查配置文件...
10:03:49 📤 同步到 iCloud...
10:03:49   ✅ 标准版: ClawRocket.conf
10:03:49   ✅ Pro版: ClawRocket-AD.conf
10:03:49   ✅ 标准版测试: ClawRocket-Test.conf
10:03:49   ✅ Pro版测试: ClawRocket-AD-Test.conf
10:03:49   ✅ 最新标准版: ClawRocket-0319-1003.conf
10:03:49   ✅ 最新Pro版: ClawRocket-AD-0319-1003.conf
10:03:49   ✅ README.md 已更新
10:03:49 
10:03:49 📁 iCloud 同步目录:
10:03:49    /Users/unclevv/Library/Mobile Documents/com~apple~CloudDocs/Clawbaby/07-System/配置/ClawRocket
10:03:49 
10:03:49 📱 可在 iPhone/iPad 文件 App 中访问:
10:03:49    文件 > iCloud Drive > Clawbaby > 07-System > 配置 > ClawRocket
10:03:49 
10:03:49 📝 日志: /Users/unclevv/.openclaw/workspace/ClawRocket/logs/icloud-sync-20260319-1003.log
10:03:49 ✅ 同步完成
10:03:49   ✅ iCloud 同步完成
