11:17:09 🦞 ClawRocket-AD Pro v1.0.0 生成器启动
11:17:09 ============================================
11:17:09 📝 生成配置头部...
11:17:09 📝 添加自定义规则...
11:17:09 📥 下载 ACL4SSR 国内域名列表...
11:17:09   使用缓存: /Users/unclevv/.openclaw/workspace/ClawRocket/cache/acl4ssr/chinadomain.list
11:17:09   ACL4SSR 下载成功
11:17:09 📥 下载 dnsmasq-china-list...
11:17:09   使用缓存: /Users/unclevv/.openclaw/workspace/ClawRocket/cache/dnsmasq-china/accelerated-domains.conf
11:17:10   dnsmasq-china-list 下载成功
11:17:10 📥 下载 ACL4SSR 广告规则...
11:17:13   ACL4SSR BanAD 下载成功
11:17:13 📥 下载 ACL4SSR 应用广告规则...
11:17:16   ACL4SSR BanProgramAD 下载成功
11:17:16 📝 添加兜底规则...
11:17:16 ✅ 生成完成: ClawRocket-AD-0318-1117.conf
11:17:16    大小: 144K
11:17:16    规则数: 3921
11:17:16 📋 已复制到测试文件: ClawRocket-AD-Test.conf
11:17:16 🕐 完成时间: 2026-03-18 11:17:16
11:17:16 📝 日志: /Users/unclevv/.openclaw/workspace/ClawRocket/logs/generate-ad-20260318-1117.log
