00:46:50 🦞 ClawRocket GitHub 推送脚本
00:46:50 ==============================
00:46:50 📋 检查配置文件...
00:46:50   ✅ 标准版: ClawRocket-Test.conf
00:46:50   ✅ Pro版: ClawRocket-AD-Test.conf
00:46:50 📥 准备 GitHub 仓库...
00:46:50   更新现有仓库...
00:46:52 📦 复制配置文件...
00:46:52   标准版:  76K, 2341 规则
00:46:52   Pro版:  84K, 2429 规则
00:46:52 📝 Git 提交...
00:46:53 📤 推送到 GitHub...
00:46:55   ✅ 推送成功
00:46:55 
00:46:55 🔗 GitHub 链接:
00:46:55    https://github.com/zhouwan2017/ClawRocket
00:46:55 
00:46:55 🚀 CDN 链接（立即可用）:
00:46:55    标准版: https://cdn.jsdelivr.net/gh/zhouwan2017/ClawRocket@main/ClawRocket.conf
00:46:55    Pro版:  https://cdn.jsdelivr.net/gh/zhouwan2017/ClawRocket@main/ClawRocket-AD.conf
00:46:55    标准版测试: https://cdn.jsdelivr.net/gh/zhouwan2017/ClawRocket@main/ClawRocket-Test.conf
00:46:55    Pro版测试:  https://cdn.jsdelivr.net/gh/zhouwan2017/ClawRocket@main/ClawRocket-AD-Test.conf
00:46:55 
00:46:55 📝 日志: /Users/unclevv/Library/Mobile Documents/com~apple~CloudDocs/Clawbaby/05-CronJobs/ClawRocket/logs/github-push-20260320-0046.log
00:46:55 ✅ 完成
