00:53:31 🦞 ClawRocket GitHub 推送脚本
00:53:31 ==============================
00:53:31 📋 检查配置文件...
00:53:31   ✅ 标准版: ClawRocket-Test.conf
00:53:31   ✅ Pro版: ClawRocket-AD-Test.conf
00:53:31 📥 准备 GitHub 仓库...
00:53:31   克隆仓库...
00:53:35 📦 复制配置文件...
00:53:35   标准版:  76K, 2341 规则
00:53:35   Pro版:  84K, 2429 规则
00:53:35 📝 Git 提交...
00:53:35   📝 无变化，跳过提交
00:53:35 
00:53:35 🔗 GitHub 链接:
00:53:35    https://github.com/zhouwan2017/ClawRocket
00:53:35 
00:53:35 🚀 CDN 链接（立即可用）:
00:53:35    标准版: https://cdn.jsdelivr.net/gh/zhouwan2017/ClawRocket@main/ClawRocket.conf
00:53:35    Pro版:  https://cdn.jsdelivr.net/gh/zhouwan2017/ClawRocket@main/ClawRocket-AD.conf
00:53:35    标准版测试: https://cdn.jsdelivr.net/gh/zhouwan2017/ClawRocket@main/ClawRocket-Test.conf
00:53:35    Pro版测试:  https://cdn.jsdelivr.net/gh/zhouwan2017/ClawRocket@main/ClawRocket-AD-Test.conf
00:53:35 
00:53:35 📝 日志: /Users/unclevv/Library/Mobile Documents/com~apple~CloudDocs/Clawbaby/05-CronJobs/ClawRocket/logs/github-push-20260320-0053.log
00:53:35 ✅ 完成
