09:49:44 🦞 ClawRocket iCloud 同步脚本
09:49:44 ==============================
09:49:44 📋 检查配置文件...
09:49:44 📤 同步到 iCloud...
09:49:44   ✅ 标准版: ClawRocket.conf
09:49:44   ✅ Pro版: ClawRocket-AD.conf
09:49:44   ✅ 标准版测试: ClawRocket-Test.conf
09:49:44   ✅ Pro版测试: ClawRocket-AD-Test.conf
09:49:44   ✅ 最新标准版: ClawRocket-0319-0949.conf
09:49:44   ✅ 最新Pro版: ClawRocket-AD-0318-1203.conf
09:49:44   ✅ README.md 已更新
09:49:44 
09:49:44 📁 iCloud 同步目录:
09:49:44    /Users/unclevv/Library/Mobile Documents/com~apple~CloudDocs/Clawbaby/07-System/配置/ClawRocket
09:49:44 
09:49:44 📱 可在 iPhone/iPad 文件 App 中访问:
09:49:44    文件 > iCloud Drive > Clawbaby > 07-System > 配置 > ClawRocket
09:49:44 
09:49:44 📝 日志: /Users/unclevv/.openclaw/workspace/ClawRocket/logs/icloud-sync-20260319-0949.log
09:49:44 ✅ 同步完成
