10:02:22 🦞 ClawRocket iCloud 同步脚本
10:02:22 ==============================
10:02:22 📋 检查配置文件...
10:02:22 📤 同步到 iCloud...
10:02:22   ✅ 标准版: ClawRocket.conf
10:02:22   ✅ Pro版: ClawRocket-AD.conf
10:02:22   ✅ 标准版测试: ClawRocket-Test.conf
10:02:22   ✅ Pro版测试: ClawRocket-AD-Test.conf
10:02:22   ✅ 最新标准版: ClawRocket-0319-1002.conf
10:02:22   ✅ 最新Pro版: ClawRocket-AD-0318-1203.conf
10:02:22   ✅ README.md 已更新
10:02:22 
10:02:22 📁 iCloud 同步目录:
10:02:22    /Users/unclevv/Library/Mobile Documents/com~apple~CloudDocs/Clawbaby/07-System/配置/ClawRocket
10:02:22 
10:02:22 📱 可在 iPhone/iPad 文件 App 中访问:
10:02:22    文件 > iCloud Drive > Clawbaby > 07-System > 配置 > ClawRocket
10:02:22 
10:02:22 📝 日志: /Users/unclevv/.openclaw/workspace/ClawRocket/logs/icloud-sync-20260319-1002.log
10:02:22 ✅ 同步完成
10:02:22 🦞 ClawRocket iCloud 同步脚本
10:02:22 ==============================
10:02:22 📋 检查配置文件...
10:02:22 📤 同步到 iCloud...
10:02:22   ✅ 标准版: ClawRocket.conf
10:02:22   ✅ Pro版: ClawRocket-AD.conf
10:02:22   ✅ 标准版测试: ClawRocket-Test.conf
10:02:22   ✅ Pro版测试: ClawRocket-AD-Test.conf
10:02:22   ✅ 最新标准版: ClawRocket-0319-1002.conf
10:02:22   ✅ 最新Pro版: ClawRocket-AD-0319-1002.conf
10:02:22   ✅ README.md 已更新
10:02:22 
10:02:22 📁 iCloud 同步目录:
10:02:22    /Users/unclevv/Library/Mobile Documents/com~apple~CloudDocs/Clawbaby/07-System/配置/ClawRocket
10:02:22 
10:02:22 📱 可在 iPhone/iPad 文件 App 中访问:
10:02:22    文件 > iCloud Drive > Clawbaby > 07-System > 配置 > ClawRocket
10:02:22 
10:02:22 📝 日志: /Users/unclevv/.openclaw/workspace/ClawRocket/logs/icloud-sync-20260319-1002.log
10:02:22 ✅ 同步完成
