=== ClawRocket Phase 1: 项目初始化日志 ===
时间: $(date '+%Y-%m-%d %H:%M:%S')

--- 1. 目录结构创建 ---
✅ ~/.openclaw/workspace/ClawRocket/scripts/
✅ ~/.openclaw/workspace/ClawRocket/output/
✅ ~/.openclaw/workspace/ClawRocket/cache/acl4ssr/
✅ ~/.openclaw/workspace/ClawRocket/cache/dnsmasq-china/
✅ ~/.openclaw/workspace/ClawRocket/cache/adblock/
✅ ~/.openclaw/workspace/ClawRocket/logs/

--- 2. GitHub仓库状态 ---
旧仓库 zhouwan2017/Clawrules:
  - 状态: 存在（创建于 2026-03-17）
  - 操作: 保留（未删除）
  
新仓库 zhouwan2017/ClawRocket:
  - 状态: 已创建 ✅
  - URL: https://github.com/zhouwan2017/ClawRocket
  - 描述: ClawRocket - Shadowrocket 规则配置生成器（标准版 & Pro版）

--- 3. 脚本迁移 ---
✅ generate_clawrules_iphone_v2.sh (9906 bytes)
✅ generate_clawrules_mac_v2.sh (9886 bytes)
✅ generate_clawrules_iphone_ad_enhanced.sh (8534 bytes, 参考用)
权限: 已设置可执行 (chmod +x)

--- 4. 输出文件占位 ---
✅ ClawRocket.conf
✅ ClawRocket-AD.conf
✅ ClawRocket-Test.conf
✅ ClawRocket-AD-Test.conf

--- 5. README初始化 ---
✅ README.md 已创建并推送

--- Git提交状态 ---
提交: 3c4630b Initial commit: Project structure and basic files
分支: main -> origin/main

=== 初始化完成 ===
